<?xml version="1.0" encoding="UTF-8"?>
<coverage generated="1616784179051" clover="3.2.0">
  <project timestamp="1616784179051" name="All files">
    <metrics statements="18" coveredstatements="11" conditionals="11" coveredconditionals="6" methods="8" coveredmethods="6" elements="37" coveredelements="23" complexity="0" loc="18" ncloc="18" packages="2" files="4" classes="4"/>
    <package name="UserPhoneBook">
      <metrics statements="9" coveredstatements="3" conditionals="4" coveredconditionals="0" methods="2" coveredmethods="1"/>
      <file name="App.js" path="/Users/kholood/Documents/RNApps/UserPhoneBook/App.js">
        <metrics statements="9" coveredstatements="3" conditionals="4" coveredconditionals="0" methods="2" coveredmethods="1"/>
        <line num="11" count="1" type="stmt"/>
        <line num="15" count="1" type="stmt"/>
        <line num="16" count="0" type="stmt"/>
        <line num="17" count="0" type="cond" truecount="0" falsecount="2"/>
        <line num="18" count="0" type="stmt"/>
        <line num="20" count="0" type="cond" truecount="0" falsecount="2"/>
        <line num="21" count="0" type="stmt"/>
        <line num="22" count="0" type="stmt"/>
        <line num="27" count="1" type="stmt"/>
      </file>
    </package>
    <package name="UserPhoneBook.src.Components">
      <metrics statements="9" coveredstatements="8" conditionals="7" coveredconditionals="6" methods="6" coveredmethods="5"/>
      <file name="ContactsList.js" path="/Users/kholood/Documents/RNApps/UserPhoneBook/src/Components/ContactsList.js">
        <metrics statements="5" coveredstatements="4" conditionals="5" coveredconditionals="5" methods="3" coveredmethods="2"/>
        <line num="6" count="4" type="stmt"/>
        <line num="7" count="4" type="stmt"/>
        <line num="9" count="4" type="stmt"/>
        <line num="14" count="2" type="stmt"/>
        <line num="30" count="0" type="stmt"/>
      </file>
      <file name="GetContactsButton.js" path="/Users/kholood/Documents/RNApps/UserPhoneBook/src/Components/GetContactsButton.js">
        <metrics statements="1" coveredstatements="1" conditionals="0" coveredconditionals="0" methods="1" coveredmethods="1"/>
        <line num="6" count="3" type="stmt"/>
      </file>
      <file name="SingleContactCard.js" path="/Users/kholood/Documents/RNApps/UserPhoneBook/src/Components/SingleContactCard.js">
        <metrics statements="3" coveredstatements="3" conditionals="2" coveredconditionals="1" methods="2" coveredmethods="2"/>
        <line num="6" count="5" type="stmt"/>
        <line num="15" count="2" type="stmt"/>
        <line num="16" count="2" type="stmt"/>
      </file>
    </package>
  </project>
</coverage>
