{"/Users/kholood/Documents/RNApps/UserPhoneBook/App.js": {"path":"/Users/kholood/Documents/RNApps/UserPhoneBook/App.js","statementMap":{"0":{"start":{"line":11,"column":40},"end":{"line":11,"column":52}},"1":{"start":{"line":15,"column":25},"end":{"line":25,"column":3}},"2":{"start":{"line":16,"column":23},"end":{"line":16,"column":54}},"3":{"start":{"line":17,"column":4},"end":{"line":24,"column":5}},"4":{"start":{"line":18,"column":23},"end":{"line":18,"column":47}},"5":{"start":{"line":20,"column":6},"end":{"line":23,"column":7}},"6":{"start":{"line":21,"column":24},"end":{"line":21,"column":28}},"7":{"start":{"line":22,"column":8},"end":{"line":22,"column":31}},"8":{"start":{"line":27,"column":2},"end":{"line":34,"column":4}}},"fnMap":{"0":{"name":"App","decl":{"start":{"line":8,"column":24},"end":{"line":8,"column":27}},"loc":{"start":{"line":8,"column":30},"end":{"line":35,"column":1}},"line":8},"1":{"name":"(anonymous_1)","decl":{"start":{"line":15,"column":25},"end":{"line":15,"column":26}},"loc":{"start":{"line":15,"column":34},"end":{"line":25,"column":3}},"line":15}},"branchMap":{"0":{"loc":{"start":{"line":17,"column":4},"end":{"line":24,"column":5}},"type":"if","locations":[{"start":{"line":17,"column":4},"end":{"line":24,"column":5}},{"start":{"line":17,"column":4},"end":{"line":24,"column":5}}],"line":17},"1":{"loc":{"start":{"line":20,"column":6},"end":{"line":23,"column":7}},"type":"if","locations":[{"start":{"line":20,"column":6},"end":{"line":23,"column":7}},{"start":{"line":20,"column":6},"end":{"line":23,"column":7}}],"line":20}},"s":{"0":1,"1":1,"2":0,"3":0,"4":0,"5":0,"6":0,"7":0,"8":1},"f":{"0":1,"1":0},"b":{"0":[0,0],"1":[0,0]},"_coverageSchema":"1a1c01bbd47fc00a2c39e90264f33305004495a9","hash":"d307a1a72d91cf3a3b73709844cda2d57b879831"}
,"/Users/kholood/Documents/RNApps/UserPhoneBook/src/Components/ContactsList.js": {"path":"/Users/kholood/Documents/RNApps/UserPhoneBook/src/Components/ContactsList.js","statementMap":{"0":{"start":{"line":6,"column":40},"end":{"line":6,"column":55}},"1":{"start":{"line":7,"column":50},"end":{"line":7,"column":60}},"2":{"start":{"line":9,"column":4},"end":{"line":38,"column":5}},"3":{"start":{"line":14,"column":14},"end":{"line":22,"column":17}},"4":{"start":{"line":30,"column":36},"end":{"line":30,"column":60}}},"fnMap":{"0":{"name":"(anonymous_0)","decl":{"start":{"line":4,"column":15},"end":{"line":4,"column":16}},"loc":{"start":{"line":4,"column":32},"end":{"line":39,"column":1}},"line":4},"1":{"name":"(anonymous_1)","decl":{"start":{"line":13,"column":29},"end":{"line":13,"column":30}},"loc":{"start":{"line":14,"column":14},"end":{"line":22,"column":17}},"line":14},"2":{"name":"(anonymous_2)","decl":{"start":{"line":30,"column":32},"end":{"line":30,"column":33}},"loc":{"start":{"line":30,"column":36},"end":{"line":30,"column":60}},"line":30}},"branchMap":{"0":{"loc":{"start":{"line":11,"column":7},"end":{"line":35,"column":15}},"type":"cond-expr","locations":[{"start":{"line":11,"column":20},"end":{"line":26,"column":21}},{"start":{"line":28,"column":8},"end":{"line":35,"column":15}}],"line":11},"1":{"loc":{"start":{"line":28,"column":8},"end":{"line":35,"column":15}},"type":"binary-expr","locations":[{"start":{"line":28,"column":8},"end":{"line":28,"column":18}},{"start":{"line":28,"column":22},"end":{"line":28,"column":37}},{"start":{"line":29,"column":12},"end":{"line":35,"column":15}}],"line":28}},"s":{"0":4,"1":4,"2":4,"3":2,"4":0},"f":{"0":4,"1":2,"2":0},"b":{"0":[3,1],"1":[1,1,1]},"_coverageSchema":"1a1c01bbd47fc00a2c39e90264f33305004495a9","hash":"0139d08e0a67a9e4dc94e9d93fb794b2b37bf1f3"}
,"/Users/kholood/Documents/RNApps/UserPhoneBook/src/Components/GetContactsButton.js": {"path":"/Users/kholood/Documents/RNApps/UserPhoneBook/src/Components/GetContactsButton.js","statementMap":{"0":{"start":{"line":6,"column":4},"end":{"line":18,"column":5}}},"fnMap":{"0":{"name":"(anonymous_0)","decl":{"start":{"line":4,"column":15},"end":{"line":4,"column":16}},"loc":{"start":{"line":4,"column":37},"end":{"line":19,"column":1}},"line":4}},"branchMap":{},"s":{"0":3},"f":{"0":3},"b":{},"_coverageSchema":"1a1c01bbd47fc00a2c39e90264f33305004495a9","hash":"952de6d3d44fe890dce732d4520889dcf500291f"}
,"/Users/kholood/Documents/RNApps/UserPhoneBook/src/Components/SingleContactCard.js": {"path":"/Users/kholood/Documents/RNApps/UserPhoneBook/src/Components/SingleContactCard.js","statementMap":{"0":{"start":{"line":6,"column":4},"end":{"line":46,"column":5}},"1":{"start":{"line":15,"column":12},"end":{"line":15,"column":39}},"2":{"start":{"line":16,"column":12},"end":{"line":16,"column":38}}},"fnMap":{"0":{"name":"(anonymous_0)","decl":{"start":{"line":4,"column":15},"end":{"line":4,"column":16}},"loc":{"start":{"line":4,"column":90},"end":{"line":47,"column":1}},"line":4},"1":{"name":"(anonymous_1)","decl":{"start":{"line":14,"column":17},"end":{"line":14,"column":18}},"loc":{"start":{"line":14,"column":21},"end":{"line":17,"column":9}},"line":14}},"branchMap":{"0":{"loc":{"start":{"line":34,"column":9},"end":{"line":34,"column":90}},"type":"cond-expr","locations":[{"start":{"line":34,"column":28},"end":{"line":34,"column":59}},{"start":{"line":34,"column":60},"end":{"line":34,"column":90}}],"line":34}},"s":{"0":5,"1":2,"2":2},"f":{"0":5,"1":2},"b":{"0":[5,0]},"_coverageSchema":"1a1c01bbd47fc00a2c39e90264f33305004495a9","hash":"dc0a7b2296ddf27b66c0639e3302f1faf1927944"}
}
